<?xml version="1.0" encoding="UTF-8"?>
<!-- Generated by org.testng.reporters.JUnitReportReporter -->
<testsuite hostname="IVANA-IV" failures="0" tests="2" name="com.commerce.tests.GuestSearchesForProductAddsToWishlist" time="55.563" errors="1" timestamp="2021-04-16T13:23:18 CEST" skipped="0">
  <testcase classname="com.commerce.tests.GuestSearchesForProductAddsToWishlist" name="guestSearchesForShoeProductAddsToWishlist" time="16.911"/>
  <system-out/>
  <testcase classname="com.commerce.tests.GuestSearchesForProductAddsToWishlist" name="close" time="38.652">
    <error message="com.applitools.eyes.exceptions.DiffsFoundException: Test &#039;Validate chosen product&#039; of &#039;nopCommerce&#039; detected differences! See details at: https://eyes.applitools.com/app/batches/00000251783728654567/00000251783728643591?accountId=BMCj96H7aEak_Zb6nkTZAw~~" type="java.lang.Error">
      <![CDATA[java.lang.Error: com.applitools.eyes.exceptions.DiffsFoundException: Test 'Validate chosen product' of 'nopCommerce' detected differences! See details at: https://eyes.applitools.com/app/batches/00000251783728654567/00000251783728643591?accountId=BMCj96H7aEak_Zb6nkTZAw~~
at com.applitools.eyes.visualgrid.services.VisualGridRunner.getAllTestResultsImpl(VisualGridRunner.java:529)
at com.applitools.eyes.EyesRunner.getAllTestResults(EyesRunner.java:35)
at com.applitools.eyes.EyesRunner.getAllTestResults(EyesRunner.java:24)
at com.commerce.basetests.EyesManager.eyesAwaitTestResults(EyesManager.java:104)
at com.commerce.tests.GuestSearchesForProductAddsToWishlist.close(GuestSearchesForProductAddsToWishlist.java:103)
at java.base/jdk.internal.reflect.NativeMethodAccessorImpl.invoke0(Native Method)
at java.base/jdk.internal.reflect.NativeMethodAccessorImpl.invoke(NativeMethodAccessorImpl.java:64)
at java.base/jdk.internal.reflect.DelegatingMethodAccessorImpl.invoke(DelegatingMethodAccessorImpl.java:43)
at java.base/java.lang.reflect.Method.invoke(Method.java:564)
at org.testng.internal.MethodInvocationHelper.invokeMethod(MethodInvocationHelper.java:132)
at org.testng.internal.MethodInvocationHelper.invokeMethodConsideringTimeout(MethodInvocationHelper.java:61)
at org.testng.internal.ConfigInvoker.invokeConfigurationMethod(ConfigInvoker.java:366)
at org.testng.internal.ConfigInvoker.invokeConfigurations(ConfigInvoker.java:320)
at org.testng.TestRunner.invokeTestConfigurations(TestRunner.java:617)
at org.testng.TestRunner.afterRun(TestRunner.java:847)
at org.testng.TestRunner.run(TestRunner.java:588)
at org.testng.SuiteRunner.runTest(SuiteRunner.java:384)
at org.testng.SuiteRunner.runSequentially(SuiteRunner.java:378)
at org.testng.SuiteRunner.privateRun(SuiteRunner.java:337)
at org.testng.SuiteRunner.run(SuiteRunner.java:286)
at org.testng.SuiteRunnerWorker.runSuite(SuiteRunnerWorker.java:53)
at org.testng.SuiteRunnerWorker.run(SuiteRunnerWorker.java:96)
at org.testng.TestNG.runSuitesSequentially(TestNG.java:1218)
at org.testng.TestNG.runSuitesLocally(TestNG.java:1140)
at org.testng.TestNG.runSuites(TestNG.java:1069)
at org.testng.TestNG.run(TestNG.java:1037)
at org.testng.remote.AbstractRemoteTestNG.run(AbstractRemoteTestNG.java:115)
at org.testng.remote.RemoteTestNG.initAndRun(RemoteTestNG.java:251)
at org.testng.remote.RemoteTestNG.main(RemoteTestNG.java:77)
Caused by: com.applitools.eyes.exceptions.DiffsFoundException: Test 'Validate chosen product' of 'nopCommerce' detected differences! See details at: https://eyes.applitools.com/app/batches/00000251783728654567/00000251783728643591?accountId=BMCj96H7aEak_Zb6nkTZAw~~
at com.applitools.eyes.EyesBase.logSessionResultsAndThrowException(EyesBase.java:568)
at com.applitools.eyes.EyesBase.close(EyesBase.java:471)
at com.applitools.eyes.visualgrid.services.VisualGridTask.call(VisualGridTask.java:146)
at com.applitools.eyes.visualgrid.services.VisualGridTask.call(VisualGridTask.java:18)
at java.base/java.util.concurrent.FutureTask.run(FutureTask.java:264)
at java.base/java.util.concurrent.Executors$RunnableAdapter.call(Executors.java:515)
at java.base/java.util.concurrent.FutureTask.run(FutureTask.java:264)
at java.base/java.util.concurrent.ThreadPoolExecutor.runWorker(ThreadPoolExecutor.java:1130)
at java.base/java.util.concurrent.ThreadPoolExecutor$Worker.run(ThreadPoolExecutor.java:630)
at java.base/java.lang.Thread.run(Thread.java:832)
]]>
    </error>
  </testcase> <!-- close -->
  <system-out/>
</testsuite> <!-- com.commerce.tests.GuestSearchesForProductAddsToWishlist -->
