<?xml version="1.0" encoding="UTF-8"?>
<!-- Generated by org.testng.reporters.JUnitReportReporter -->
<testsuite hostname="IVANA-IV" failures="1" tests="1" name="com.commerce.tests.GuestSearchForProductAddsToWishlist" time="23.826" errors="0" timestamp="2021-04-01T16:14:53 CEST" skipped="0">
  <testcase classname="com.commerce.tests.GuestSearchForProductAddsToWishlist" name="guestSearchForShoeProductAddsToWishlist" time="23.826">
    <failure message="Test &#039;guestSearchForShoeProductAddsToWishlist&#039; of &#039;nopCommerce&#039; detected differences! See details at: https://eyes.applitools.com/app/batches/00000251785014325587/00000251785014325399?accountId=BMCj96H7aEak_Zb6nkTZAw~~" type="com.applitools.eyes.exceptions.DiffsFoundException">
      <![CDATA[com.applitools.eyes.exceptions.DiffsFoundException: Test 'guestSearchForShoeProductAddsToWishlist' of 'nopCommerce' detected differences! See details at: https://eyes.applitools.com/app/batches/00000251785014325587/00000251785014325399?accountId=BMCj96H7aEak_Zb6nkTZAw~~
at com.applitools.eyes.EyesBase.logSessionResultsAndThrowException(EyesBase.java:568)
at com.applitools.eyes.EyesBase.close(EyesBase.java:471)
at com.applitools.eyes.selenium.SeleniumEyes.close(SeleniumEyes.java:1803)
at com.applitools.eyes.selenium.Eyes.close(Eyes.java:478)
at com.applitools.eyes.selenium.Eyes.close(Eyes.java:197)
at com.commerce.basetests.EyesManager.validateEntireScreen(EyesManager.java:51)
at com.commerce.tests.GuestSearchForProductAddsToWishlist.guestSearchForShoeProductAddsToWishlist(GuestSearchForProductAddsToWishlist.java:52)
at java.base/jdk.internal.reflect.NativeMethodAccessorImpl.invoke0(Native Method)
at java.base/jdk.internal.reflect.NativeMethodAccessorImpl.invoke(NativeMethodAccessorImpl.java:64)
at java.base/jdk.internal.reflect.DelegatingMethodAccessorImpl.invoke(DelegatingMethodAccessorImpl.java:43)
at java.base/java.lang.reflect.Method.invoke(Method.java:564)
at org.testng.internal.MethodInvocationHelper.invokeMethod(MethodInvocationHelper.java:132)
at org.testng.internal.TestInvoker.invokeMethod(TestInvoker.java:599)
at org.testng.internal.TestInvoker.invokeTestMethod(TestInvoker.java:174)
at org.testng.internal.MethodRunner.runInSequence(MethodRunner.java:46)
at org.testng.internal.TestInvoker$MethodInvocationAgent.invoke(TestInvoker.java:822)
at org.testng.internal.TestInvoker.invokeTestMethods(TestInvoker.java:147)
at org.testng.internal.TestMethodWorker.invokeTestMethods(TestMethodWorker.java:146)
at org.testng.internal.TestMethodWorker.run(TestMethodWorker.java:128)
at java.base/java.util.ArrayList.forEach(ArrayList.java:1511)
at org.testng.TestRunner.privateRun(TestRunner.java:764)
at org.testng.TestRunner.run(TestRunner.java:585)
at org.testng.SuiteRunner.runTest(SuiteRunner.java:384)
at org.testng.SuiteRunner.runSequentially(SuiteRunner.java:378)
at org.testng.SuiteRunner.privateRun(SuiteRunner.java:337)
at org.testng.SuiteRunner.run(SuiteRunner.java:286)
at org.testng.SuiteRunnerWorker.runSuite(SuiteRunnerWorker.java:53)
at org.testng.SuiteRunnerWorker.run(SuiteRunnerWorker.java:96)
at org.testng.TestNG.runSuitesSequentially(TestNG.java:1218)
at org.testng.TestNG.runSuitesLocally(TestNG.java:1140)
at org.testng.TestNG.runSuites(TestNG.java:1069)
at org.testng.TestNG.run(TestNG.java:1037)
at org.testng.remote.AbstractRemoteTestNG.run(AbstractRemoteTestNG.java:115)
at org.testng.remote.RemoteTestNG.initAndRun(RemoteTestNG.java:251)
at org.testng.remote.RemoteTestNG.main(RemoteTestNG.java:77)
]]>
    </failure>
  </testcase> <!-- guestSearchForShoeProductAddsToWishlist -->
  <system-out/>
</testsuite> <!-- com.commerce.tests.GuestSearchForProductAddsToWishlist -->
